# JRE version: Java(TM) SE Runtime Environment (8.0_45-b15) (build 1.8.0_45-b15)
# Java VM: Java HotSpot(TM) 64-Bit Server VM (25.45-b02 mixed mode windows-amd64 compressed oops)
Heap:
 PSYoungGen      total 73216K, used 5531K [0x00000000eab00000, 0x00000000efa00000, 0x0000000100000000)
  eden space 65536K, 5% used [0x00000000eab00000,0x00000000eae5e158,0x00000000eeb00000)
  from space 7680K, 27% used [0x00000000eeb00000,0x00000000eed08cd0,0x00000000ef280000)
  to   space 7168K, 0% used [0x00000000ef300000,0x00000000ef300000,0x00000000efa00000)
 ParOldGen       total 37376K, used 9986K [0x00000000c0000000, 0x00000000c2480000, 0x00000000eab00000)
  object space 37376K, 26% used [0x00000000c0000000,0x00000000c09c0888,0x00000000c2480000)
 Metaspace       used 22527K, capacity 23042K, committed 23168K, reserved 1069056K
  class space    used 2942K, capacity 3146K, committed 3200K, reserved 1048576K
GC Heap History (10 events):
Event: 7.804 GC heap before
{Heap before GC invocations=4 (full 0):
 PSYoungGen      total 18944K, used 18920K [0x00000000eab00000, 0x00000000ed000000, 0x0000000100000000)
  eden space 16384K, 100% used [0x00000000eab00000,0x00000000ebb00000,0x00000000ebb00000)
  from space 2560K, 99% used [0x00000000ebb00000,0x00000000ebd7a020,0x00000000ebd80000)
  to   space 2560K, 0% used [0x00000000ecd80000,0x00000000ecd80000,0x00000000ed000000)
 ParOldGen       total 44032K, used 3096K [0x00000000c0000000, 0x00000000c2b00000, 0x00000000eab00000)
  object space 44032K, 7% used [0x00000000c0000000,0x00000000c03060a0,0x00000000c2b00000)
 Metaspace       used 14876K, capacity 15254K, committed 15360K, reserved 1062912K
  class space    used 1927K, capacity 2037K, committed 2048K, reserved 1048576K
Event: 7.823 GC heap after
Heap after GC invocations=4 (full 0):
 PSYoungGen      total 35328K, used 2536K [0x00000000eab00000, 0x00000000ed000000, 0x0000000100000000)
  eden space 32768K, 0% used [0x00000000eab00000,0x00000000eab00000,0x00000000ecb00000)
  from space 2560K, 99% used [0x00000000ecd80000,0x00000000ecffa060,0x00000000ed000000)
  to   space 2560K, 0% used [0x00000000ecb00000,0x00000000ecb00000,0x00000000ecd80000)
 ParOldGen       total 44032K, used 6315K [0x00000000c0000000, 0x00000000c2b00000, 0x00000000eab00000)
  object space 44032K, 14% used [0x00000000c0000000,0x00000000c062ad78,0x00000000c2b00000)
 Metaspace       used 14876K, capacity 15254K, committed 15360K, reserved 1062912K
  class space    used 1927K, capacity 2037K, committed 2048K, reserved 1048576K
}
Event: 11.969 GC heap before
{Heap before GC invocations=5 (full 0):
 PSYoungGen      total 35328K, used 35304K [0x00000000eab00000, 0x00000000ed000000, 0x0000000100000000)
  eden space 32768K, 100% used [0x00000000eab00000,0x00000000ecb00000,0x00000000ecb00000)
  from space 2560K, 99% used [0x00000000ecd80000,0x00000000ecffa060,0x00000000ed000000)
  to   space 2560K, 0% used [0x00000000ecb00000,0x00000000ecb00000,0x00000000ecd80000)
 ParOldGen       total 44032K, used 6315K [0x00000000c0000000, 0x00000000c2b00000, 0x00000000eab00000)
  object space 44032K, 14% used [0x00000000c0000000,0x00000000c062ad78,0x00000000c2b00000)
 Metaspace       used 18603K, capacity 19038K, committed 19200K, reserved 1064960K
  class space    used 2527K, capacity 2693K, committed 2816K, reserved 1048576K
Event: 11.986 GC heap after
Heap after GC invocations=5 (full 0):
 PSYoungGen      total 35328K, used 2552K [0x00000000eab00000, 0x00000000efb00000, 0x0000000100000000)
  eden space 32768K, 0% used [0x00000000eab00000,0x00000000eab00000,0x00000000ecb00000)
  from space 2560K, 99% used [0x00000000ecb00000,0x00000000ecd7e050,0x00000000ecd80000)
  to   space 8192K, 0% used [0x00000000ef300000,0x00000000ef300000,0x00000000efb00000)
 ParOldGen       total 44032K, used 10793K [0x00000000c0000000, 0x00000000c2b00000, 0x00000000eab00000)
  object space 44032K, 24% used [0x00000000c0000000,0x00000000c0a8a778,0x00000000c2b00000)
 Metaspace       used 18603K, capacity 19038K, committed 19200K, reserved 1064960K
  class space    used 2527K, capacity 2693K, committed 2816K, reserved 1048576K
}
Event: 13.149 GC heap before
{Heap before GC invocations=6 (full 0):
 PSYoungGen      total 35328K, used 21041K [0x00000000eab00000, 0x00000000efb00000, 0x0000000100000000)
  eden space 32768K, 56% used [0x00000000eab00000,0x00000000ebd0e4f8,0x00000000ecb00000)
  from space 2560K, 99% used [0x00000000ecb00000,0x00000000ecd7e050,0x00000000ecd80000)
  to   space 8192K, 0% used [0x00000000ef300000,0x00000000ef300000,0x00000000efb00000)
 ParOldGen       total 44032K, used 10793K [0x00000000c0000000, 0x00000000c2b00000, 0x00000000eab00000)
  object space 44032K, 24% used [0x00000000c0000000,0x00000000c0a8a778,0x00000000c2b00000)
 Metaspace       used 20724K, capacity 21212K, committed 21296K, reserved 1067008K
  class space    used 2755K, capacity 2921K, committed 2944K, reserved 1048576K
Event: 13.242 GC heap after
Heap after GC invocations=6 (full 0):
 PSYoungGen      total 72704K, used 4880K [0x00000000eab00000, 0x00000000efa00000, 0x0000000100000000)
  eden space 65536K, 0% used [0x00000000eab00000,0x00000000eab00000,0x00000000eeb00000)
  from space 7168K, 68% used [0x00000000ef300000,0x00000000ef7c40a8,0x00000000efa00000)
  to   space 7680K, 0% used [0x00000000eeb00000,0x00000000eeb00000,0x00000000ef280000)
 ParOldGen       total 44032K, used 10793K [0x00000000c0000000, 0x00000000c2b00000, 0x00000000eab00000)
  object space 44032K, 24% used [0x00000000c0000000,0x00000000c0a8a778,0x00000000c2b00000)
 Metaspace       used 20724K, capacity 21212K, committed 21296K, reserved 1067008K
  class space    used 2755K, capacity 2921K, committed 2944K, reserved 1048576K
}
Event: 13.242 GC heap before
{Heap before GC invocations=7 (full 1):
 PSYoungGen      total 72704K, used 4880K [0x00000000eab00000, 0x00000000efa00000, 0x0000000100000000)
  eden space 65536K, 0% used [0x00000000eab00000,0x00000000eab00000,0x00000000eeb00000)
  from space 7168K, 68% used [0x00000000ef300000,0x00000000ef7c40a8,0x00000000efa00000)
  to   space 7680K, 0% used [0x00000000eeb00000,0x00000000eeb00000,0x00000000ef280000)
 ParOldGen       total 44032K, used 10793K [0x00000000c0000000, 0x00000000c2b00000, 0x00000000eab00000)
  object space 44032K, 24% used [0x00000000c0000000,0x00000000c0a8a778,0x00000000c2b00000)
 Metaspace       used 20724K, capacity 21212K, committed 21296K, reserved 1067008K
  class space    used 2755K, capacity 2921K, committed 2944K, reserved 1048576K
Event: 13.455 GC heap after
Heap after GC invocations=7 (full 1):
 PSYoungGen      total 72704K, used 0K [0x00000000eab00000, 0x00000000efa00000, 0x0000000100000000)
  eden space 65536K, 0% used [0x00000000eab00000,0x00000000eab00000,0x00000000eeb00000)
  from space 7168K, 0% used [0x00000000ef300000,0x00000000ef300000,0x00000000efa00000)
  to   space 7680K, 0% used [0x00000000eeb00000,0x00000000eeb00000,0x00000000ef280000)
 ParOldGen       total 37376K, used 9978K [0x00000000c0000000, 0x00000000c2480000, 0x00000000eab00000)
  object space 37376K, 26% used [0x00000000c0000000,0x00000000c09be888,0x00000000c2480000)
 Metaspace       used 20724K, capacity 21212K, committed 21296K, reserved 1067008K
  class space    used 2755K, capacity 2921K, committed 2944K, reserved 1048576K
}
Event: 14.852 GC heap before
{Heap before GC invocations=8 (full 1):
 PSYoungGen      total 72704K, used 65536K [0x00000000eab00000, 0x00000000efa00000, 0x0000000100000000)
  eden space 65536K, 100% used [0x00000000eab00000,0x00000000eeb00000,0x00000000eeb00000)
  from space 7168K, 0% used [0x00000000ef300000,0x00000000ef300000,0x00000000efa00000)
  to   space 7680K, 0% used [0x00000000eeb00000,0x00000000eeb00000,0x00000000ef280000)
 ParOldGen       total 37376K, used 9978K [0x00000000c0000000, 0x00000000c2480000, 0x00000000eab00000)
  object space 37376K, 26% used [0x00000000c0000000,0x00000000c09be888,0x00000000c2480000)
 Metaspace       used 22527K, capacity 23042K, committed 23168K, reserved 1069056K
  class space    used 2942K, capacity 3146K, committed 3200K, reserved 1048576K
Event: 14.869 GC heap after
Heap after GC invocations=8 (full 1):
 PSYoungGen      total 73216K, used 2083K [0x00000000eab00000, 0x00000000efa00000, 0x0000000100000000)
  eden space 65536K, 0% used [0x00000000eab00000,0x00000000eab00000,0x00000000eeb00000)
  from space 7680K, 27% used [0x00000000eeb00000,0x00000000eed08cd0,0x00000000ef280000)
  to   space 7168K, 0% used [0x00000000ef300000,0x00000000ef300000,0x00000000efa00000)
 ParOldGen       total 37376K, used 9986K [0x00000000c0000000, 0x00000000c2480000, 0x00000000eab00000)
  object space 37376K, 26% used [0x00000000c0000000,0x00000000c09c0888,0x00000000c2480000)
 Metaspace       used 22527K, capacity 23042K, committed 23168K, reserved 1069056K
  class space    used 2942K, capacity 3146K, committed 3200K, reserved 1048576K
}

